INFO: [SIM 2] *************** CSIM start ***************
INFO: [SIM 4] CSIM will launch GCC as the compiler.
   Compiling ../../../../TestBench.cpp in debug mode
csim.mk:79: recipe for target 'obj/TestBench.o' failed
In file included from E:/Vivado/Vitis_HLS/2023.2/include/floating_point_v7_1_bitacc_cmodel.h:150:0,
                 from E:/Vivado/Vitis_HLS/2023.2/include/hls_fpo.h:140,
                 from E:/Vivado/Vitis_HLS/2023.2/include/etc/hls_half_fpo.h:19,
                 from E:/Vivado/Vitis_HLS/2023.2/include/hls_half.h:26,
                 from E:/Vivado/Vitis_HLS/2023.2/include/etc/ap_private.h:52,
                 from E:/Vivado/Vitis_HLS/2023.2/include/etc/ap_common.h:666,
                 from E:/Vivado/Vitis_HLS/2023.2/include/ap_fixed.h:9,
                 from ../../../../param.h:7,
                 from ../../../../TestBench.cpp:1:
E:/Vivado/Vitis_HLS/2023.2/include/gmp.h:58:0: warning: "__GMP_LIBGMP_DLL" redefined
 #define __GMP_LIBGMP_DLL  0
 
In file included from E:/Vivado/Vitis_HLS/2023.2/include/hls_fpo.h:140:0,
                 from E:/Vivado/Vitis_HLS/2023.2/include/etc/hls_half_fpo.h:19,
                 from E:/Vivado/Vitis_HLS/2023.2/include/hls_half.h:26,
                 from E:/Vivado/Vitis_HLS/2023.2/include/etc/ap_private.h:52,
                 from E:/Vivado/Vitis_HLS/2023.2/include/etc/ap_common.h:666,
                 from E:/Vivado/Vitis_HLS/2023.2/include/ap_fixed.h:9,
                 from ../../../../param.h:7,
                 from ../../../../TestBench.cpp:1:
E:/Vivado/Vitis_HLS/2023.2/include/floating_point_v7_1_bitacc_cmodel.h:142:0: note: this is the location of the previous definition
 #define __GMP_LIBGMP_DLL 1
 
../../../../TestBench.cpp: In function 'int main()':
../../../../TestBench.cpp:49:1: internal compiler error: Segmentation fault
 }
 ^
libbacktrace could not find executable to open
Please submit a full bug report,
with preprocessed source if appropriate.
See <https://sourceforge.net/projects/msys2> for instructions.
make: *** [obj/TestBench.o] Error 1
ERR: [SIM 100] 'csim_design' failed: compilation error(s).
INFO: [SIM 3] *************** CSIM finish ***************
