2025-02-24 10:09:10 [debug] : Notification event posted from server - ON_DID_UPDATE_WORKSPACE. 
2025-02-24 10:09:10 [debug] : --------------------------------------------------------------------------------- 
2025-02-24 10:09:10 [debug] : E:\HLS\MINIST_DTJSCC\MINIST_DTJSCC 
2025-02-24 10:09:10 [debug] : --------------------------------------------------------------------------------- 
2025-02-24 10:09:10 [debug] : [Logger] Previous user logs are stored in the file - C:\Users\Sternenstaub\.Xilinx\Vitis\2023.2\logs\ide.log 
2025-02-24 10:09:10 [debug] : [Logger] Previous debug logs are stored in the file - C:\Users\Sternenstaub\.Xilinx\Vitis\2023.2\logs\ide_verbose.log 
2025-02-24 10:09:10 [debug] : [Logger] All the internal problems will be logged at debug level. 
2025-02-24 10:09:10 [debug] : RIGEL SERVER 10:09:10 INFO  : created .gitignore file for the project E:\HLS\MINIST_DTJSCC\MINIST_DTJSCC 
2025-02-24 10:09:10 [debug] : RIGEL SERVER 10:09:10 INFO  : Marking the target connection as default Local 
2025-02-24 10:09:10 [debug] : RIGEL SERVER 10:09:10 INFO  : Marking the target connection as default Linux Agent 
2025-02-24 10:09:10 [debug] : RIGEL SERVER 10:09:10 INFO  : Marking the target connection as default XRTServer 
2025-02-24 10:09:10 [debug] : RIGEL SERVER 10:09:10 INFO  : Marking the target connection as default LinuxEmulation 
2025-02-24 10:09:10 [debug] : RIGEL SERVER 10:09:10 INFO  : Marking the target connection as default QEMU 
2025-02-24 10:09:10 [debug] : RIGEL SERVER 10:09:10 INFO  : updated workspace path: E:\HLS\MINIST_DTJSCC\MINIST_DTJSCC 
2025-02-24 10:09:10 [debug] : Notification event posted from server - ON_DID_REFRESH_WORKSPACE_SUMMARIES. 
2025-02-24 10:09:10 [debug] : Notification event posted from server - ON_DID_UPDATE_WORKSPACE. 
2025-02-24 10:09:10 [debug] : --------------------------------------------------------------------------------- 
2025-02-24 10:09:10 [debug] : E:\HLS\MINIST_DTJSCC\MINIST_DTJSCC 
2025-02-24 10:09:10 [debug] : --------------------------------------------------------------------------------- 
2025-02-24 10:09:10 [debug] : [Logger] Previous user logs are stored in the file - E:\HLS\MINIST_DTJSCC\MINIST_DTJSCC\logs\ide.log 
2025-02-24 10:09:10 [debug] : [Logger] Previous debug logs are stored in the file - E:\HLS\MINIST_DTJSCC\MINIST_DTJSCC\logs\ide_verbose.log 
2025-02-24 10:09:10 [debug] : [Logger] All the internal problems will be logged at debug level. 
2025-02-24 10:09:10 [debug] : RIGEL SERVER 10:09:10 INFO  : created .gitignore file for the project E:\HLS\MINIST_DTJSCC\MINIST_DTJSCC 
2025-02-24 10:09:10 [debug] : RIGEL SERVER 10:09:10 INFO  : updated workspace path: E:\HLS\MINIST_DTJSCC\MINIST_DTJSCC 
2025-02-24 10:09:10 [debug] : Notification event posted from server - ON_DID_REFRESH_WORKSPACE_SUMMARIES. 
2025-02-24 10:09:10 [debug] : Opening channel for service path '/services/bootgen'. 
2025-02-24 10:09:10 [debug] : Opening channel for service path '/services/hls/report'. 
2025-02-24 10:09:10 [debug] : Opening channel for service path '/services/hls/wave/open'. 
2025-02-24 10:09:10 [debug] : Could not configure contribution {"0":"Error: 'file:///e%3A/HLS/MINIST_DTJSCC/MINIST_DTJSCC/logs/vitis.log' is invalid\n    at MonacoEditorProvider.getModel (file:///E:/Vivado/Vitis/2023.2/ide/electron-app/win64/resources/app/lib/vendors-node_modules_theia_monaco_lib_browser_monaco-editor-provider_js.js:674:33)\n    at async MonacoEditorProvider.createMonacoEditor (file:///E:/Vivado/Vitis/2023.2/ide/electron-app/win64/resources/app/lib/vendors-node_modules_theia_monaco_lib_browser_monaco-editor-provider_js.js:768:23)\n    at async MonacoEditorProvider.doCreateEditor (file:///E:/Vivado/Vitis/2023.2/ide/electron-app/win64/resources/app/lib/vendors-node_modules_theia_monaco_lib_browser_monaco-editor-provider_js.js:704:24)\n    at async RigelLogContribution.updateVitisServerChannel (file:///E:/Vivado/Vitis/2023.2/ide/electron-app/win64/resources/app/lib/rigel-log_lib_browser_rigel-log-frontend-module_js.js:171:35)\n    at async RigelLogContribution.createVitisServerChannel (file:///E:/Vivado/Vitis/2023.2/ide/electron-app/win64/resources/app/lib/rigel-log_lib_browser_rigel-log-frontend-module_js.js:137:9)\n    at async RigelLogContribution.configure (file:///E:/Vivado/Vitis/2023.2/ide/electron-app/win64/resources/app/lib/rigel-log_lib_browser_rigel-log-frontend-module_js.js:133:9)\n    at async FrontendStopwatch.startAsync (file:///E:/Vivado/Vitis/2023.2/ide/electron-app/win64/resources/app/lib/bundle.js:63081:24)\n    at async FrontendApplication.startContributions (file:///E:/Vivado/Vitis/2023.2/ide/electron-app/win64/resources/app/lib/bundle.js:34229:21)\n    at async FrontendStopwatch.startAsync (file:///E:/Vivado/Vitis/2023.2/ide/electron-app/win64/resources/app/lib/bundle.js:63081:24)\n    at async FrontendApplication.start (file:///E:/Vivado/Vitis/2023.2/ide/electron-app/win64/resources/app/lib/bundle.js:34053:9)"}
2025-02-24 10:09:10 [debug] : Application UI init preferences 
2025-02-24 10:09:10 [debug] : [Bootgen Output] Adding listeners to bootgen service. 
2025-02-24 10:09:10 [debug] : Linked preference "workbench.colorCustomizations" not found. Source: "editor.bracketPairColorization.enabled" 
2025-02-24 10:09:10 [debug] : A command file.openWith.config-editor-widget is already registered. 
2025-02-24 10:09:10 [debug] : Frontend commands.onStart took longer than the expected maximum 100 milliseconds: 221.8 ms [Finished 3.067 s after frontend start] 
2025-02-24 10:09:10 [debug] : Received event from notification service: ON_START_ANALYSIS_PROGRESS. 
2025-02-24 10:09:10 [debug] : Event posted using notification server in backend. {"0":{"wrappers_":{},"arrayIndexOffset_":-1,"array":["78b23aae-ac75-415e-8926-b7df74b34bd4",null,54,null,null,null,null,"list-reports"],"pivot_":1.7976931348623157e+308,"convertedPrimitiveFields_":{}}}
2025-02-24 10:09:10 [debug] : [Application Examples Provider] Templates model update completed. 
2025-02-24 10:09:10 [debug] : [Application Examples Provider] common calling method completed. 
2025-02-24 10:09:10 [debug] : [Application Examples Provider] refresh completed. 
2025-02-24 10:09:10 [debug] : Notification event posted from server - ON_STOP_ANALYSIS_PROGRESS. 
2025-02-24 10:09:10 [debug] : [Application Examples Provider]  updating the embedded templates on workspace event. 
2025-02-24 10:09:10 [debug] : [Application Examples Provider] refresh requested. 
2025-02-24 10:09:10 [debug] : Received event from notification service: ON_DID_UPDATE_WORKSPACE. 
2025-02-24 10:09:10 [debug] : [Logger Client] log levelchanged to  {"0":"Info"}
2025-02-24 10:09:10 [debug] : [Logger UI]  Update Log Level  called 
2025-02-24 10:09:10 [debug] : [ProjectCache] fetching projects for project-cache 
2025-02-24 10:09:10 [debug] : [Repository Server] Executing method:getEmbeddedExampleTemplateTree with connection:(object). {"0":"request:","1":{"wrappers_":null,"arrayIndexOffset_":-1,"array":[],"pivot_":1.7976931348623157e+308,"convertedPrimitiveFields_":{}}}
2025-02-24 10:09:10 [debug] : [Application Examples Provider] common calling method requested. 
2025-02-24 10:09:10 [debug] : [Application Examples Provider] Repositories model update requested. 
2025-02-24 10:09:10 [debug] : [Application Examples Provider] Repositories model update completed. 
2025-02-24 10:09:10 [debug] : [Application Examples Provider] Templates model update requested. 
2025-02-24 10:09:10 [debug] : [Repository Service] Executing method:getEmbeddedExampleTemplateTree from frontend. {"0":"request:"}
2025-02-24 10:09:10 [debug] : Received event from notification service: ON_DID_REFRESH_WORKSPACE_SUMMARIES. 
2025-02-24 10:09:10 [debug] : [ProjectCache] fetching projects for project-cache 
2025-02-24 10:09:10 [debug] : [Application Examples Provider]  updating the embedded templates on workspace event. 
2025-02-24 10:09:10 [debug] : [Application Examples Provider] refresh requested. 
2025-02-24 10:09:10 [debug] : Received event from notification service: ON_DID_UPDATE_WORKSPACE. 
2025-02-24 10:09:10 [debug] : [Logger Client] log levelchanged to  {"0":"Info"}
2025-02-24 10:09:10 [debug] : [Logger UI]  Update Log Level  called 
2025-02-24 10:09:10 [debug] : [Application Examples Provider] common calling method requested. 
2025-02-24 10:09:10 [debug] : [Application Examples Provider] Repositories model update requested. 
2025-02-24 10:09:10 [debug] : [Application Examples Provider] Repositories model update completed. 
2025-02-24 10:09:10 [debug] : [Application Examples Provider] Templates model update requested. 
2025-02-24 10:09:10 [debug] : [Repository Service] Executing method:getEmbeddedExampleTemplateTree from frontend. {"0":"request:"}
2025-02-24 10:09:10 [debug] : Received event from notification service: ON_DID_REFRESH_WORKSPACE_SUMMARIES. 
2025-02-24 10:09:10 [debug] : [Repository Server] Executing method:getEmbeddedExampleTemplateTree with connection:(object). {"0":"request:","1":{"wrappers_":null,"arrayIndexOffset_":-1,"array":[],"pivot_":1.7976931348623157e+308,"convertedPrimitiveFields_":{}}}
2025-02-24 10:09:11 [debug] : Application UI init preferences 
2025-02-24 10:09:11 [debug] : Frontend keybindings.onStart: 41.3 ms [Finished 3.109 s after frontend start] 
2025-02-24 10:09:11 [debug] : Frontend menus.onStart: 5.2 ms [Finished 3.115 s after frontend start] 
2025-02-24 10:09:11 [debug] : Opening channel for service path '/services/search-in-workspace'. 
2025-02-24 10:09:11 [debug] : Frontend IconThemeApplicationContribution.onStart: 2.9 ms [Finished 3.117 s after frontend start] 
2025-02-24 10:09:11 [debug] : Frontend ColorApplicationContribution.onStart: 4.3 ms [Finished 3.122 s after frontend start] 
2025-02-24 10:09:11 [debug] : Frontend TabBarToolbarRegistry.onStart: 3.6 ms [Finished 3.126 s after frontend start] 
2025-02-24 10:09:11 [debug] : Opening channel for service path '/services/request-service'. 
2025-02-24 10:09:11 [debug] : Frontend CommonFrontendContribution.onStart: 0.0 ms [Finished 3.126 s after frontend start] 
2025-02-24 10:09:11 [debug] : Frontend QuickInputFrontendContribution.onStart: 0.6 ms [Finished 3.127 s after frontend start] 
2025-02-24 10:09:11 [debug] : Frontend JsonSchemaStore.onStart: 2.6 ms [Finished 3.129 s after frontend start] 
2025-02-24 10:09:11 [debug] : Frontend ApplicationShellMouseTracker.onStart: 0.0 ms [Finished 3.129 s after frontend start] 
2025-02-24 10:09:11 [debug] : Frontend StylingService.onStart: 0.6 ms [Finished 3.130 s after frontend start] 
2025-02-24 10:09:11 [debug] : Skipping menu item with missing command: "plugin.view-container.test.toggle". 
2025-02-24 10:09:11 [debug] : Frontend RigelElectronMenuContribution.onStart: 13.3 ms [Finished 3.143 s after frontend start] 
2025-02-24 10:09:11 [debug] : Frontend ElectronTextInputContextMenuContribution.onStart: 0.1 ms [Finished 3.144 s after frontend start] 
2025-02-24 10:09:11 [debug] : Frontend ElectronWindowService.onStart: 0.1 ms [Finished 3.144 s after frontend start] 
2025-02-24 10:09:11 [debug] : Frontend VariableResolverFrontendContribution.onStart: 0.3 ms [Finished 3.144 s after frontend start] 
2025-02-24 10:09:11 [debug] : Frontend EditorContribution.onStart: 0.3 ms [Finished 3.144 s after frontend start] 
2025-02-24 10:09:11 [debug] : Frontend EditorNavigationContribution.onStart: 0.2 ms [Finished 3.145 s after frontend start] 
2025-02-24 10:09:11 [debug] : Frontend FileSystemFrontendContribution.onStart: 0.0 ms [Finished 3.145 s after frontend start] 
2025-02-24 10:09:11 [debug] : Frontend FileNavigatorContribution.onStart: 0.0 ms [Finished 3.145 s after frontend start] 
2025-02-24 10:09:11 [debug] : Frontend NavigatorTabBarDecorator.onStart: 0.1 ms [Finished 3.145 s after frontend start] 
2025-02-24 10:09:11 [debug] : Frontend ProblemContribution.onStart: 0.1 ms [Finished 3.145 s after frontend start] 
2025-02-24 10:09:11 [debug] : Frontend MonacoOutlineContribution.onStart: 0.3 ms [Finished 3.145 s after frontend start] 
2025-02-24 10:09:11 [debug] : Frontend MonacoStatusBarContribution.onStart: 0.1 ms [Finished 3.146 s after frontend start] 
2025-02-24 10:09:11 [debug] : Frontend TaskFrontendContribution.onStart: 0.1 ms [Finished 3.146 s after frontend start] 
2025-02-24 10:09:11 [debug] : Frontend DebugInlineValueDecorator.onStart: 0.2 ms [Finished 3.146 s after frontend start] 
2025-02-24 10:09:11 [debug] : Frontend RigelDebugFrontendApplicationContribution.onStart: 0.4 ms [Finished 3.146 s after frontend start] 
2025-02-24 10:09:11 [debug] : Frontend NotificationsContribution.onStart: 0.0 ms [Finished 3.146 s after frontend start] 
2025-02-24 10:09:11 [debug] : [hosted-plugin: 21904] IPC started 
2025-02-24 10:09:11 [debug] : Frontend ScmContribution.onStart: 0.1 ms [Finished 3.147 s after frontend start] 
2025-02-24 10:09:11 [debug] : Frontend Object.onStart: 0.3 ms [Finished 3.147 s after frontend start] 
2025-02-24 10:09:11 [debug] : Frontend CoreContribution.onStart: 9.0 ms [Finished 3.156 s after frontend start] 
2025-02-24 10:09:11 [debug] : Frontend RigelServerContribution.onStart: 0.1 ms [Finished 3.156 s after frontend start] 
2025-02-24 10:09:11 [debug] : Frontend RigelExplorerContribution.onStart: 0.0 ms [Finished 3.156 s after frontend start] 
2025-02-24 10:09:11 [debug] : Frontend WelcomeContribution.onStart: 0.1 ms [Finished 3.157 s after frontend start] 
2025-02-24 10:09:11 [debug] : Frontend ShowingNolicenseContribution.onStart: 0.0 ms [Finished 3.157 s after frontend start] 
2025-02-24 10:09:11 [debug] : Frontend TimelineExtensionContribution.onStart: 0.0 ms [Finished 3.157 s after frontend start] 
2025-02-24 10:09:11 [debug] : Frontend DataflowViewerContribution.onStart: 0.0 ms [Finished 3.157 s after frontend start] 
2025-02-24 10:09:11 [debug] : Frontend L1LibraryContribution.onStart: 0.0 ms [Finished 3.157 s after frontend start] 
2025-02-24 10:09:11 [debug] : Frontend MiniBrowserOpenHandler.onStart: 0.1 ms [Finished 3.157 s after frontend start] 
2025-02-24 10:09:11 [debug] : Frontend ElectronMiniBrowserEnvironment.onStart: 0.0 ms [Finished 3.157 s after frontend start] 
2025-02-24 10:09:11 [debug] : Frontend PreviewContribution.onStart: 0.0 ms [Finished 3.157 s after frontend start] 
2025-02-24 10:09:11 [debug] : Start frontend contributions: 819.0 ms [Finished 3.157 s after frontend start] 
2025-02-24 10:09:11 [debug] : Changed application state from 'init' to 'started_contributions'. 
2025-02-24 10:09:11 [debug] : Changed application state from 'started_contributions' to 'attached_shell'. 
2025-02-24 10:09:11 [debug] : >>> Restoring the layout state... 
2025-02-24 10:09:11 [debug] : Received event from notification service: ON_STOP_ANALYSIS_PROGRESS. 
2025-02-24 10:09:11 [debug] : Skipping menu item with missing command: "plugin.view-container.test.toggle". 
2025-02-24 10:09:11 [debug] : [Logger UI]  Update Log Level success {"0":{"success":true,"error":""}}
2025-02-24 10:09:11 [debug] : [ProjectDecorator] tree decoration updated 
2025-02-24 10:09:11 [debug] : [ProjectCache] Project location updated to undefined 
2025-02-24 10:09:11 [debug] : [ProjectDecorator] tree decoration updated 
2025-02-24 10:09:11 [debug] : [Logger UI]  Update Log Level success {"0":{"success":true,"error":""}}
2025-02-24 10:09:11 [debug] : [ProjectDecorator] tree decoration updated 
2025-02-24 10:09:11 [debug] : [ProjectCache] Project location updated to undefined 
2025-02-24 10:09:11 [debug] : [ProjectDecorator] tree decoration updated 
2025-02-24 10:09:11 [debug] : [91e9b6d4-bd11-4f97-bca7-dfc08bb613d4] Waiting for backend deployment: 387.1 ms [Finished 3.534 s after frontend start] 
2025-02-24 10:09:11 [debug] : <<< Nothing to restore. 
2025-02-24 10:09:11 [debug] : Frontend FileNavigatorContribution.initializeLayout: 9.2 ms [Finished 3.556 s after frontend start] 
2025-02-24 10:09:11 [debug] : Frontend ProblemContribution.initializeLayout: 1.5 ms [Finished 3.557 s after frontend start] 
2025-02-24 10:09:11 [debug] : Frontend OutlineViewContribution.initializeLayout: 1.6 ms [Finished 3.559 s after frontend start] 
2025-02-24 10:09:11 [debug] : Frontend RigelDebugFrontendApplicationContribution.initializeLayout: 1.8 ms [Finished 3.561 s after frontend start] 
2025-02-24 10:09:11 [debug] : Frontend ScmContribution.initializeLayout: 3.8 ms [Finished 3.564 s after frontend start] 
2025-02-24 10:09:11 [debug] : Frontend SearchInWorkspaceFrontendContribution.initializeLayout: 2.2 ms [Finished 3.567 s after frontend start] 
2025-02-24 10:09:11 [debug] : Frontend ExplorerContribution.initializeLayout: 1.9 ms [Finished 3.568 s after frontend start] 
2025-02-24 10:09:11 [debug] : [Repository Examples UI] in on initialize layout method. 
2025-02-24 10:09:11 [debug] : Frontend ExamplesContribution.initializeLayout: 3.8 ms [Finished 3.572 s after frontend start] 
2025-02-24 10:09:11 [debug] : Frontend RigelMemoryViewContribution.initializeLayout: 1.6 ms [Finished 3.574 s after frontend start] 
2025-02-24 10:09:11 [debug] : Opening channel for service path '/services/report-model'. 
2025-02-24 10:09:11 [debug] : Frontend DebugXSDBConsoleContribution.initializeLayout: 0.1 ms [Finished 3.574 s after frontend start] 
2025-02-24 10:09:11 [debug] : Frontend AnalysisStandaloneContribution.initializeLayout: 0.0 ms [Finished 3.574 s after frontend start] 
2025-02-24 10:09:11 [debug] : Frontend RigelExplorerContribution.initializeLayout: 7.9 ms [Finished 3.582 s after frontend start] 
2025-02-24 10:09:11 [debug] : [Library Api Contribution] in on initialize layout method. 
2025-02-24 10:09:11 [debug] : Frontend LibraryApiContribution.initializeLayout: 0.0 ms [Finished 3.582 s after frontend start] 
2025-02-24 10:09:11 [debug] : Frontend DirectiveViewerContribution.initializeLayout: 0.1 ms [Finished 3.582 s after frontend start] 
2025-02-24 10:09:11 [debug] : Warning: Each child in a list should have a unique "key" prop.[ '', '', '\n    at div' ]%s See https://reactjs.org/link/warning-keys for more information.%s 
2025-02-24 10:09:11 [debug] : Initialize the workbench layout: 468.5 ms [Finished 3.636 s after frontend start] 
2025-02-24 10:09:11 [debug] : Changed application state from 'attached_shell' to 'initialized_layout'. 
2025-02-24 10:09:11 [debug] : Frontend PluginViewRegistry.onDidInitializeLayout: 0.1 ms [Finished 3.636 s after frontend start] 
2025-02-24 10:09:11 [debug] : Frontend CoreContribution.onDidInitializeLayout: 8.5 ms [Finished 3.647 s after frontend start] 
2025-02-24 10:09:11 [debug] : Frontend AnalysisContribution.onDidInitializeLayout: 3.6 ms [Finished 3.655 s after frontend start] 
2025-02-24 10:09:11 [debug] : Frontend RigelExplorerContribution.onDidInitializeLayout: 1.0 ms [Finished 3.656 s after frontend start] 
2025-02-24 10:09:11 [debug] : Frontend EditorPreviewTreeDecorator.onDidInitializeLayout: 0.1 ms [Finished 3.656 s after frontend start] 
2025-02-24 10:09:11 [debug] : [hosted-plugin: 21904] PLUGIN_HOST(21904) starting instance 
2025-02-24 10:09:11 [debug] : [91e9b6d4-bd11-4f97-bca7-dfc08bb613d4] Sync of 16 plugins: 274.5 ms [Finished 3.808 s after frontend start] 
2025-02-24 10:09:11 [debug] : Failed to register a menu item for plugin eamodio.gitlens contributed to editor/context/copy {"0":{"command":"gitlens.copyRemoteFileUrlToClipboard","group":"1_gitlens@1","when":"editorTextFocus && gitlens:activeFileStatus =~ /blameable/ && config.gitlens.menus.editor.clipboard"},"1":"Error: Could not find submenu with id editor/context/copy\n    at MenuModelRegistry.getMenuNode (file:///E:/Vivado/Vitis/2023.2/ide/electron-app/win64/resources/app/lib/bundle.js:60375:23)\n    at MenusContributionPointHandler.handle (file:///E:/Vivado/Vitis/2023.2/ide/electron-app/win64/resources/app/lib/vendors-node_modules_theia_plugin-ext_lib_hosted_browser_hosted-plugin_js.js:6466:62)\n    at file:///E:/Vivado/Vitis/2023.2/ide/electron-app/win64/resources/app/lib/vendors-node_modules_theia_plugin-ext_lib_hosted_browser_hosted-plugin_js.js:7179:71\n    at pushContribution (file:///E:/Vivado/Vitis/2023.2/ide/electron-app/win64/resources/app/lib/vendors-node_modules_theia_plugin-ext_lib_hosted_browser_hosted-plugin_js.js:7074:32)\n    at PluginContributionHandler.handleContributions (file:///E:/Vivado/Vitis/2023.2/ide/electron-app/win64/resources/app/lib/vendors-node_modules_theia_plugin-ext_lib_hosted_browser_hosted-plugin_js.js:7179:9)\n    at HostedPluginSupport.loadContributions (file:///E:/Vivado/Vitis/2023.2/ide/electron-app/win64/resources/app/lib/vendors-node_modules_theia_plugin-ext_lib_hosted_browser_hosted-plugin_js.js:446:61)\n    at HostedPluginSupport.doLoad (file:///E:/Vivado/Vitis/2023.2/ide/electron-app/win64/resources/app/lib/vendors-node_modules_theia_plugin-ext_lib_hosted_browser_hosted-plugin_js.js:358:42)\n    at async RigelProgressService.withProgress (file:///E:/Vivado/Vitis/2023.2/ide/electron-app/win64/resources/app/lib/bundle.js:63423:20)\n    at async file:///E:/Vivado/Vitis/2023.2/ide/electron-app/win64/resources/app/lib/vendors-node_modules_theia_plugin-ext_lib_hosted_browser_hosted-plugin_js.js:263:17"}
2025-02-24 10:09:11 [debug] : Failed to register a menu item for plugin eamodio.gitlens contributed to editor/context/copy {"0":{"command":"gitlens.copyRemoteFileUrlFrom","group":"1_gitlens@2","when":"editorTextFocus && gitlens:activeFileStatus =~ /blameable/ && config.gitlens.menus.editor.clipboard"},"1":"Error: Could not find submenu with id editor/context/copy\n    at MenuModelRegistry.getMenuNode (file:///E:/Vivado/Vitis/2023.2/ide/electron-app/win64/resources/app/lib/bundle.js:60375:23)\n    at MenusContributionPointHandler.handle (file:///E:/Vivado/Vitis/2023.2/ide/electron-app/win64/resources/app/lib/vendors-node_modules_theia_plugin-ext_lib_hosted_browser_hosted-plugin_js.js:6466:62)\n    at file:///E:/Vivado/Vitis/2023.2/ide/electron-app/win64/resources/app/lib/vendors-node_modules_theia_plugin-ext_lib_hosted_browser_hosted-plugin_js.js:7179:71\n    at pushContribution (file:///E:/Vivado/Vitis/2023.2/ide/electron-app/win64/resources/app/lib/vendors-node_modules_theia_plugin-ext_lib_hosted_browser_hosted-plugin_js.js:7074:32)\n    at PluginContributionHandler.handleContributions (file:///E:/Vivado/Vitis/2023.2/ide/electron-app/win64/resources/app/lib/vendors-node_modules_theia_plugin-ext_lib_hosted_browser_hosted-plugin_js.js:7179:9)\n    at HostedPluginSupport.loadContributions (file:///E:/Vivado/Vitis/2023.2/ide/electron-app/win64/resources/app/lib/vendors-node_modules_theia_plugin-ext_lib_hosted_browser_hosted-plugin_js.js:446:61)\n    at HostedPluginSupport.doLoad (file:///E:/Vivado/Vitis/2023.2/ide/electron-app/win64/resources/app/lib/vendors-node_modules_theia_plugin-ext_lib_hosted_browser_hosted-plugin_js.js:358:42)\n    at async RigelProgressService.withProgress (file:///E:/Vivado/Vitis/2023.2/ide/electron-app/win64/resources/app/lib/bundle.js:63423:20)\n    at async file:///E:/Vivado/Vitis/2023.2/ide/electron-app/win64/resources/app/lib/vendors-node_modules_theia_plugin-ext_lib_hosted_browser_hosted-plugin_js.js:263:17"}
2025-02-24 10:09:11 [debug] : Failed to register a menu item for plugin eamodio.gitlens contributed to editor/context/copy {"0":{"command":"gitlens.copyRemoteCommitUrl","group":"1_gitlens@3","when":"editorTextFocus && gitlens:activeFileStatus =~ /blameable/ && config.gitlens.menus.editor.clipboard"},"1":"Error: Could not find submenu with id editor/context/copy\n    at MenuModelRegistry.getMenuNode (file:///E:/Vivado/Vitis/2023.2/ide/electron-app/win64/resources/app/lib/bundle.js:60375:23)\n    at MenusContributionPointHandler.handle (file:///E:/Vivado/Vitis/2023.2/ide/electron-app/win64/resources/app/lib/vendors-node_modules_theia_plugin-ext_lib_hosted_browser_hosted-plugin_js.js:6466:62)\n    at file:///E:/Vivado/Vitis/2023.2/ide/electron-app/win64/resources/app/lib/vendors-node_modules_theia_plugin-ext_lib_hosted_browser_hosted-plugin_js.js:7179:71\n    at pushContribution (file:///E:/Vivado/Vitis/2023.2/ide/electron-app/win64/resources/app/lib/vendors-node_modules_theia_plugin-ext_lib_hosted_browser_hosted-plugin_js.js:7074:32)\n    at PluginContributionHandler.handleContributions (file:///E:/Vivado/Vitis/2023.2/ide/electron-app/win64/resources/app/lib/vendors-node_modules_theia_plugin-ext_lib_hosted_browser_hosted-plugin_js.js:7179:9)\n    at HostedPluginSupport.loadContributions (file:///E:/Vivado/Vitis/2023.2/ide/electron-app/win64/resources/app/lib/vendors-node_modules_theia_plugin-ext_lib_hosted_browser_hosted-plugin_js.js:446:61)\n    at HostedPluginSupport.doLoad (file:///E:/Vivado/Vitis/2023.2/ide/electron-app/win64/resources/app/lib/vendors-node_modules_theia_plugin-ext_lib_hosted_browser_hosted-plugin_js.js:358:42)\n    at async RigelProgressService.withProgress (file:///E:/Vivado/Vitis/2023.2/ide/electron-app/win64/resources/app/lib/bundle.js:63423:20)\n    at async file:///E:/Vivado/Vitis/2023.2/ide/electron-app/win64/resources/app/lib/vendors-node_modules_theia_plugin-ext_lib_hosted_browser_hosted-plugin_js.js:263:17"}
2025-02-24 10:09:11 [debug] : Failed to register a menu item for plugin eamodio.gitlens contributed to editor/context/copy {"0":{"command":"gitlens.copyShaToClipboard","group":"2_gitlens@1","when":"editorTextFocus && gitlens:activeFileStatus =~ /blameable/ && config.gitlens.menus.editor.clipboard"},"1":"Error: Could not find submenu with id editor/context/copy\n    at MenuModelRegistry.getMenuNode (file:///E:/Vivado/Vitis/2023.2/ide/electron-app/win64/resources/app/lib/bundle.js:60375:23)\n    at MenusContributionPointHandler.handle (file:///E:/Vivado/Vitis/2023.2/ide/electron-app/win64/resources/app/lib/vendors-node_modules_theia_plugin-ext_lib_hosted_browser_hosted-plugin_js.js:6466:62)\n    at file:///E:/Vivado/Vitis/2023.2/ide/electron-app/win64/resources/app/lib/vendors-node_modules_theia_plugin-ext_lib_hosted_browser_hosted-plugin_js.js:7179:71\n    at pushContribution (file:///E:/Vivado/Vitis/2023.2/ide/electron-app/win64/resources/app/lib/vendors-node_modules_theia_plugin-ext_lib_hosted_browser_hosted-plugin_js.js:7074:32)\n    at PluginContributionHandler.handleContributions (file:///E:/Vivado/Vitis/2023.2/ide/electron-app/win64/resources/app/lib/vendors-node_modules_theia_plugin-ext_lib_hosted_browser_hosted-plugin_js.js:7179:9)\n    at HostedPluginSupport.loadContributions (file:///E:/Vivado/Vitis/2023.2/ide/electron-app/win64/resources/app/lib/vendors-node_modules_theia_plugin-ext_lib_hosted_browser_hosted-plugin_js.js:446:61)\n    at HostedPluginSupport.doLoad (file:///E:/Vivado/Vitis/2023.2/ide/electron-app/win64/resources/app/lib/vendors-node_modules_theia_plugin-ext_lib_hosted_browser_hosted-plugin_js.js:358:42)\n    at async RigelProgressService.withProgress (file:///E:/Vivado/Vitis/2023.2/ide/electron-app/win64/resources/app/lib/bundle.js:63423:20)\n    at async file:///E:/Vivado/Vitis/2023.2/ide/electron-app/win64/resources/app/lib/vendors-node_modules_theia_plugin-ext_lib_hosted_browser_hosted-plugin_js.js:263:17"}
2025-02-24 10:09:11 [debug] : Failed to register a menu item for plugin eamodio.gitlens contributed to editor/context/copy {"0":{"command":"gitlens.copyMessageToClipboard","group":"2_gitlens@2","when":"editorTextFocus && gitlens:activeFileStatus =~ /blameable/ && config.gitlens.menus.editor.clipboard"},"1":"Error: Could not find submenu with id editor/context/copy\n    at MenuModelRegistry.getMenuNode (file:///E:/Vivado/Vitis/2023.2/ide/electron-app/win64/resources/app/lib/bundle.js:60375:23)\n    at MenusContributionPointHandler.handle (file:///E:/Vivado/Vitis/2023.2/ide/electron-app/win64/resources/app/lib/vendors-node_modules_theia_plugin-ext_lib_hosted_browser_hosted-plugin_js.js:6466:62)\n    at file:///E:/Vivado/Vitis/2023.2/ide/electron-app/win64/resources/app/lib/vendors-node_modules_theia_plugin-ext_lib_hosted_browser_hosted-plugin_js.js:7179:71\n    at pushContribution (file:///E:/Vivado/Vitis/2023.2/ide/electron-app/win64/resources/app/lib/vendors-node_modules_theia_plugin-ext_lib_hosted_browser_hosted-plugin_js.js:7074:32)\n    at PluginContributionHandler.handleContributions (file:///E:/Vivado/Vitis/2023.2/ide/electron-app/win64/resources/app/lib/vendors-node_modules_theia_plugin-ext_lib_hosted_browser_hosted-plugin_js.js:7179:9)\n    at HostedPluginSupport.loadContributions (file:///E:/Vivado/Vitis/2023.2/ide/electron-app/win64/resources/app/lib/vendors-node_modules_theia_plugin-ext_lib_hosted_browser_hosted-plugin_js.js:446:61)\n    at HostedPluginSupport.doLoad (file:///E:/Vivado/Vitis/2023.2/ide/electron-app/win64/resources/app/lib/vendors-node_modules_theia_plugin-ext_lib_hosted_browser_hosted-plugin_js.js:358:42)\n    at async RigelProgressService.withProgress (file:///E:/Vivado/Vitis/2023.2/ide/electron-app/win64/resources/app/lib/bundle.js:63423:20)\n    at async file:///E:/Vivado/Vitis/2023.2/ide/electron-app/win64/resources/app/lib/vendors-node_modules_theia_plugin-ext_lib_hosted_browser_hosted-plugin_js.js:263:17"}
2025-02-24 10:09:11 [debug] : Failed to register a menu item for plugin eamodio.gitlens contributed to extension/context {"0":{"command":"gitlens.showWelcomePage","group":"9_gitlens@1","when":"extension =~ /^eamodio.gitlens(-insiders)?$/ && extensionStatus == installed"},"1":"Error: Could not find submenu with id extension/context\n    at MenuModelRegistry.getMenuNode (file:///E:/Vivado/Vitis/2023.2/ide/electron-app/win64/resources/app/lib/bundle.js:60375:23)\n    at MenusContributionPointHandler.handle (file:///E:/Vivado/Vitis/2023.2/ide/electron-app/win64/resources/app/lib/vendors-node_modules_theia_plugin-ext_lib_hosted_browser_hosted-plugin_js.js:6466:62)\n    at file:///E:/Vivado/Vitis/2023.2/ide/electron-app/win64/resources/app/lib/vendors-node_modules_theia_plugin-ext_lib_hosted_browser_hosted-plugin_js.js:7179:71\n    at pushContribution (file:///E:/Vivado/Vitis/2023.2/ide/electron-app/win64/resources/app/lib/vendors-node_modules_theia_plugin-ext_lib_hosted_browser_hosted-plugin_js.js:7074:32)\n    at PluginContributionHandler.handleContributions (file:///E:/Vivado/Vitis/2023.2/ide/electron-app/win64/resources/app/lib/vendors-node_modules_theia_plugin-ext_lib_hosted_browser_hosted-plugin_js.js:7179:9)\n    at HostedPluginSupport.loadContributions (file:///E:/Vivado/Vitis/2023.2/ide/electron-app/win64/resources/app/lib/vendors-node_modules_theia_plugin-ext_lib_hosted_browser_hosted-plugin_js.js:446:61)\n    at HostedPluginSupport.doLoad (file:///E:/Vivado/Vitis/2023.2/ide/electron-app/win64/resources/app/lib/vendors-node_modules_theia_plugin-ext_lib_hosted_browser_hosted-plugin_js.js:358:42)\n    at async RigelProgressService.withProgress (file:///E:/Vivado/Vitis/2023.2/ide/electron-app/win64/resources/app/lib/bundle.js:63423:20)\n    at async file:///E:/Vivado/Vitis/2023.2/ide/electron-app/win64/resources/app/lib/vendors-node_modules_theia_plugin-ext_lib_hosted_browser_hosted-plugin_js.js:263:17"}
2025-02-24 10:09:11 [debug] : Failed to register a menu item for plugin eamodio.gitlens contributed to extension/context {"0":{"command":"gitlens.showSettingsPage","group":"9_gitlens@2","when":"extension =~ /^eamodio.gitlens(-insiders)?$/ && extensionStatus == installed"},"1":"Error: Could not find submenu with id extension/context\n    at MenuModelRegistry.getMenuNode (file:///E:/Vivado/Vitis/2023.2/ide/electron-app/win64/resources/app/lib/bundle.js:60375:23)\n    at MenusContributionPointHandler.handle (file:///E:/Vivado/Vitis/2023.2/ide/electron-app/win64/resources/app/lib/vendors-node_modules_theia_plugin-ext_lib_hosted_browser_hosted-plugin_js.js:6466:62)\n    at file:///E:/Vivado/Vitis/2023.2/ide/electron-app/win64/resources/app/lib/vendors-node_modules_theia_plugin-ext_lib_hosted_browser_hosted-plugin_js.js:7179:71\n    at pushContribution (file:///E:/Vivado/Vitis/2023.2/ide/electron-app/win64/resources/app/lib/vendors-node_modules_theia_plugin-ext_lib_hosted_browser_hosted-plugin_js.js:7074:32)\n    at PluginContributionHandler.handleContributions (file:///E:/Vivado/Vitis/2023.2/ide/electron-app/win64/resources/app/lib/vendors-node_modules_theia_plugin-ext_lib_hosted_browser_hosted-plugin_js.js:7179:9)\n    at HostedPluginSupport.loadContributions (file:///E:/Vivado/Vitis/2023.2/ide/electron-app/win64/resources/app/lib/vendors-node_modules_theia_plugin-ext_lib_hosted_browser_hosted-plugin_js.js:446:61)\n    at HostedPluginSupport.doLoad (file:///E:/Vivado/Vitis/2023.2/ide/electron-app/win64/resources/app/lib/vendors-node_modules_theia_plugin-ext_lib_hosted_browser_hosted-plugin_js.js:358:42)\n    at async RigelProgressService.withProgress (file:///E:/Vivado/Vitis/2023.2/ide/electron-app/win64/resources/app/lib/bundle.js:63423:20)\n    at async file:///E:/Vivado/Vitis/2023.2/ide/electron-app/win64/resources/app/lib/vendors-node_modules_theia_plugin-ext_lib_hosted_browser_hosted-plugin_js.js:263:17"}
2025-02-24 10:09:11 [debug] : Failed to register a menu item for plugin eamodio.gitlens contributed to git.commit {"0":{"command":"gitlens.addAuthors","group":"4_gitlens@1","when":"gitlens:enabled && !gitlens:readonly && config.gitlens.menus.scm.authors"},"1":"Error: Could not find submenu with id git.commit\n    at MenuModelRegistry.getMenuNode (file:///E:/Vivado/Vitis/2023.2/ide/electron-app/win64/resources/app/lib/bundle.js:60375:23)\n    at MenusContributionPointHandler.handle (file:///E:/Vivado/Vitis/2023.2/ide/electron-app/win64/resources/app/lib/vendors-node_modules_theia_plugin-ext_lib_hosted_browser_hosted-plugin_js.js:6466:62)\n    at file:///E:/Vivado/Vitis/2023.2/ide/electron-app/win64/resources/app/lib/vendors-node_modules_theia_plugin-ext_lib_hosted_browser_hosted-plugin_js.js:7179:71\n    at pushContribution (file:///E:/Vivado/Vitis/2023.2/ide/electron-app/win64/resources/app/lib/vendors-node_modules_theia_plugin-ext_lib_hosted_browser_hosted-plugin_js.js:7074:32)\n    at PluginContributionHandler.handleContributions (file:///E:/Vivado/Vitis/2023.2/ide/electron-app/win64/resources/app/lib/vendors-node_modules_theia_plugin-ext_lib_hosted_browser_hosted-plugin_js.js:7179:9)\n    at HostedPluginSupport.loadContributions (file:///E:/Vivado/Vitis/2023.2/ide/electron-app/win64/resources/app/lib/vendors-node_modules_theia_plugin-ext_lib_hosted_browser_hosted-plugin_js.js:446:61)\n    at HostedPluginSupport.doLoad (file:///E:/Vivado/Vitis/2023.2/ide/electron-app/win64/resources/app/lib/vendors-node_modules_theia_plugin-ext_lib_hosted_browser_hosted-plugin_js.js:358:42)\n    at async RigelProgressService.withProgress (file:///E:/Vivado/Vitis/2023.2/ide/electron-app/win64/resources/app/lib/bundle.js:63423:20)\n    at async file:///E:/Vivado/Vitis/2023.2/ide/electron-app/win64/resources/app/lib/vendors-node_modules_theia_plugin-ext_lib_hosted_browser_hosted-plugin_js.js:263:17"}
2025-02-24 10:09:11 [debug] : Failed to register a menu item for plugin eamodio.gitlens contributed to menuBar/edit/copy {"0":{"command":"gitlens.copyRemoteFileUrlToClipboard","group":"1_gitlens@1","when":"gitlens:activeFileStatus =~ /blameable/ && config.gitlens.menus.editor.clipboard"},"1":"Error: Could not find submenu with id menuBar/edit/copy\n    at MenuModelRegistry.getMenuNode (file:///E:/Vivado/Vitis/2023.2/ide/electron-app/win64/resources/app/lib/bundle.js:60375:23)\n    at MenusContributionPointHandler.handle (file:///E:/Vivado/Vitis/2023.2/ide/electron-app/win64/resources/app/lib/vendors-node_modules_theia_plugin-ext_lib_hosted_browser_hosted-plugin_js.js:6466:62)\n    at file:///E:/Vivado/Vitis/2023.2/ide/electron-app/win64/resources/app/lib/vendors-node_modules_theia_plugin-ext_lib_hosted_browser_hosted-plugin_js.js:7179:71\n    at pushContribution (file:///E:/Vivado/Vitis/2023.2/ide/electron-app/win64/resources/app/lib/vendors-node_modules_theia_plugin-ext_lib_hosted_browser_hosted-plugin_js.js:7074:32)\n    at PluginContributionHandler.handleContributions (file:///E:/Vivado/Vitis/2023.2/ide/electron-app/win64/resources/app/lib/vendors-node_modules_theia_plugin-ext_lib_hosted_browser_hosted-plugin_js.js:7179:9)\n    at HostedPluginSupport.loadContributions (file:///E:/Vivado/Vitis/2023.2/ide/electron-app/win64/resources/app/lib/vendors-node_modules_theia_plugin-ext_lib_hosted_browser_hosted-plugin_js.js:446:61)\n    at HostedPluginSupport.doLoad (file:///E:/Vivado/Vitis/2023.2/ide/electron-app/win64/resources/app/lib/vendors-node_modules_theia_plugin-ext_lib_hosted_browser_hosted-plugin_js.js:358:42)\n    at async RigelProgressService.withProgress (file:///E:/Vivado/Vitis/2023.2/ide/electron-app/win64/resources/app/lib/bundle.js:63423:20)\n    at async file:///E:/Vivado/Vitis/2023.2/ide/electron-app/win64/resources/app/lib/vendors-node_modules_theia_plugin-ext_lib_hosted_browser_hosted-plugin_js.js:263:17"}
2025-02-24 10:09:11 [debug] : Failed to register a menu item for plugin eamodio.gitlens contributed to menuBar/edit/copy {"0":{"command":"gitlens.copyRemoteFileUrlFrom","group":"1_gitlens@2","when":"gitlens:activeFileStatus =~ /blameable/ && config.gitlens.menus.editor.clipboard"},"1":"Error: Could not find submenu with id menuBar/edit/copy\n    at MenuModelRegistry.getMenuNode (file:///E:/Vivado/Vitis/2023.2/ide/electron-app/win64/resources/app/lib/bundle.js:60375:23)\n    at MenusContributionPointHandler.handle (file:///E:/Vivado/Vitis/2023.2/ide/electron-app/win64/resources/app/lib/vendors-node_modules_theia_plugin-ext_lib_hosted_browser_hosted-plugin_js.js:6466:62)\n    at file:///E:/Vivado/Vitis/2023.2/ide/electron-app/win64/resources/app/lib/vendors-node_modules_theia_plugin-ext_lib_hosted_browser_hosted-plugin_js.js:7179:71\n    at pushContribution (file:///E:/Vivado/Vitis/2023.2/ide/electron-app/win64/resources/app/lib/vendors-node_modules_theia_plugin-ext_lib_hosted_browser_hosted-plugin_js.js:7074:32)\n    at PluginContributionHandler.handleContributions (file:///E:/Vivado/Vitis/2023.2/ide/electron-app/win64/resources/app/lib/vendors-node_modules_theia_plugin-ext_lib_hosted_browser_hosted-plugin_js.js:7179:9)\n    at HostedPluginSupport.loadContributions (file:///E:/Vivado/Vitis/2023.2/ide/electron-app/win64/resources/app/lib/vendors-node_modules_theia_plugin-ext_lib_hosted_browser_hosted-plugin_js.js:446:61)\n    at HostedPluginSupport.doLoad (file:///E:/Vivado/Vitis/2023.2/ide/electron-app/win64/resources/app/lib/vendors-node_modules_theia_plugin-ext_lib_hosted_browser_hosted-plugin_js.js:358:42)\n    at async RigelProgressService.withProgress (file:///E:/Vivado/Vitis/2023.2/ide/electron-app/win64/resources/app/lib/bundle.js:63423:20)\n    at async file:///E:/Vivado/Vitis/2023.2/ide/electron-app/win64/resources/app/lib/vendors-node_modules_theia_plugin-ext_lib_hosted_browser_hosted-plugin_js.js:263:17"}
2025-02-24 10:09:11 [debug] : [91e9b6d4-bd11-4f97-bca7-dfc08bb613d4][eamodio.gitlens]: Loaded contributions. 
2025-02-24 10:09:11 [debug] : [91e9b6d4-bd11-4f97-bca7-dfc08bb613d4][xilinx.rigel-config-vscode]: Loaded contributions. 
2025-02-24 10:09:11 [debug] : [91e9b6d4-bd11-4f97-bca7-dfc08bb613d4][xilinx.rigel-hls-l1-library-vscode]: Loaded contributions. 
2025-02-24 10:09:11 [debug] : [91e9b6d4-bd11-4f97-bca7-dfc08bb613d4][xilinx.rigel-hls-pragma]: Loaded contributions. 
2025-02-24 10:09:11 [debug] : Failed to register a menu item for plugin xilinx.tcf-debug contributed to editor/title/run {"0":{"command":"extension.tcf-debug.debugEditorContents","group":"navigation@2","when":"resourceLangId == cpp || resourceLangId == c"},"1":"Error: Could not find submenu with id editor/title/run\n    at MenuModelRegistry.getMenuNode (file:///E:/Vivado/Vitis/2023.2/ide/electron-app/win64/resources/app/lib/bundle.js:60375:23)\n    at MenusContributionPointHandler.handle (file:///E:/Vivado/Vitis/2023.2/ide/electron-app/win64/resources/app/lib/vendors-node_modules_theia_plugin-ext_lib_hosted_browser_hosted-plugin_js.js:6466:62)\n    at file:///E:/Vivado/Vitis/2023.2/ide/electron-app/win64/resources/app/lib/vendors-node_modules_theia_plugin-ext_lib_hosted_browser_hosted-plugin_js.js:7179:71\n    at pushContribution (file:///E:/Vivado/Vitis/2023.2/ide/electron-app/win64/resources/app/lib/vendors-node_modules_theia_plugin-ext_lib_hosted_browser_hosted-plugin_js.js:7074:32)\n    at PluginContributionHandler.handleContributions (file:///E:/Vivado/Vitis/2023.2/ide/electron-app/win64/resources/app/lib/vendors-node_modules_theia_plugin-ext_lib_hosted_browser_hosted-plugin_js.js:7179:9)\n    at HostedPluginSupport.loadContributions (file:///E:/Vivado/Vitis/2023.2/ide/electron-app/win64/resources/app/lib/vendors-node_modules_theia_plugin-ext_lib_hosted_browser_hosted-plugin_js.js:446:61)\n    at HostedPluginSupport.doLoad (file:///E:/Vivado/Vitis/2023.2/ide/electron-app/win64/resources/app/lib/vendors-node_modules_theia_plugin-ext_lib_hosted_browser_hosted-plugin_js.js:358:42)\n    at async RigelProgressService.withProgress (file:///E:/Vivado/Vitis/2023.2/ide/electron-app/win64/resources/app/lib/bundle.js:63423:20)\n    at async file:///E:/Vivado/Vitis/2023.2/ide/electron-app/win64/resources/app/lib/vendors-node_modules_theia_plugin-ext_lib_hosted_browser_hosted-plugin_js.js:263:17"}
2025-02-24 10:09:11 [debug] : [91e9b6d4-bd11-4f97-bca7-dfc08bb613d4][xilinx.tcf-debug]: Loaded contributions. 
2025-02-24 10:09:11 [debug] : [91e9b6d4-bd11-4f97-bca7-dfc08bb613d4][twxs.cmake]: Loaded contributions. 
2025-02-24 10:09:11 [debug] : [91e9b6d4-bd11-4f97-bca7-dfc08bb613d4][vscode.cpp]: Loaded contributions. 
2025-02-24 10:09:11 [debug] : [91e9b6d4-bd11-4f97-bca7-dfc08bb613d4][vscode.github]: Loaded contributions. 
2025-02-24 10:09:11 [debug] : [91e9b6d4-bd11-4f97-bca7-dfc08bb613d4][vscode.github-authentication]: Loaded contributions. 
2025-02-24 10:09:11 [debug] : [91e9b6d4-bd11-4f97-bca7-dfc08bb613d4][vscode.json]: Loaded contributions. 
2025-02-24 10:09:11 [debug] : Preference name collision detected in the schema for property: [json] 
2025-02-24 10:09:11 [debug] : Preference name collision detected in the schema for property: [jsonc] 
2025-02-24 10:09:11 [debug] : [91e9b6d4-bd11-4f97-bca7-dfc08bb613d4][vscode.json-language-features]: Loaded contributions. 
2025-02-24 10:09:11 [debug] : [91e9b6d4-bd11-4f97-bca7-dfc08bb613d4][llvm-vs-code-extensions.vscode-clangd]: Loaded contributions. 
2025-02-24 10:09:11 [debug] : [91e9b6d4-bd11-4f97-bca7-dfc08bb613d4][pkief.material-icon-theme]: Loaded contributions. 
2025-02-24 10:09:11 [debug] : [91e9b6d4-bd11-4f97-bca7-dfc08bb613d4][webfreak.debug]: Loaded contributions. 
2025-02-24 10:09:11 [debug] : Failed to register a menu item for plugin vscode.git contributed to scm/sourceControl {"0":{"command":"git.close","group":"navigation","when":"scmProvider == git"},"1":"Error: Could not find submenu with id scm/sourceControl\n    at MenuModelRegistry.getMenuNode (file:///E:/Vivado/Vitis/2023.2/ide/electron-app/win64/resources/app/lib/bundle.js:60375:23)\n    at MenusContributionPointHandler.handle (file:///E:/Vivado/Vitis/2023.2/ide/electron-app/win64/resources/app/lib/vendors-node_modules_theia_plugin-ext_lib_hosted_browser_hosted-plugin_js.js:6466:62)\n    at file:///E:/Vivado/Vitis/2023.2/ide/electron-app/win64/resources/app/lib/vendors-node_modules_theia_plugin-ext_lib_hosted_browser_hosted-plugin_js.js:7179:71\n    at pushContribution (file:///E:/Vivado/Vitis/2023.2/ide/electron-app/win64/resources/app/lib/vendors-node_modules_theia_plugin-ext_lib_hosted_browser_hosted-plugin_js.js:7074:32)\n    at PluginContributionHandler.handleContributions (file:///E:/Vivado/Vitis/2023.2/ide/electron-app/win64/resources/app/lib/vendors-node_modules_theia_plugin-ext_lib_hosted_browser_hosted-plugin_js.js:7179:9)\n    at HostedPluginSupport.loadContributions (file:///E:/Vivado/Vitis/2023.2/ide/electron-app/win64/resources/app/lib/vendors-node_modules_theia_plugin-ext_lib_hosted_browser_hosted-plugin_js.js:446:61)\n    at HostedPluginSupport.doLoad (file:///E:/Vivado/Vitis/2023.2/ide/electron-app/win64/resources/app/lib/vendors-node_modules_theia_plugin-ext_lib_hosted_browser_hosted-plugin_js.js:358:42)\n    at async RigelProgressService.withProgress (file:///E:/Vivado/Vitis/2023.2/ide/electron-app/win64/resources/app/lib/bundle.js:63423:20)\n    at async file:///E:/Vivado/Vitis/2023.2/ide/electron-app/win64/resources/app/lib/vendors-node_modules_theia_plugin-ext_lib_hosted_browser_hosted-plugin_js.js:263:17"}
2025-02-24 10:09:11 [debug] : Failed to register a menu item for plugin vscode.git contributed to scm/change/title {"0":{"command":"git.stageChange","when":"config.git.enabled && !git.missing && originalResourceScheme == git"},"1":"Error: Could not find submenu with id scm/change/title\n    at MenuModelRegistry.getMenuNode (file:///E:/Vivado/Vitis/2023.2/ide/electron-app/win64/resources/app/lib/bundle.js:60375:23)\n    at MenusContributionPointHandler.handle (file:///E:/Vivado/Vitis/2023.2/ide/electron-app/win64/resources/app/lib/vendors-node_modules_theia_plugin-ext_lib_hosted_browser_hosted-plugin_js.js:6466:62)\n    at file:///E:/Vivado/Vitis/2023.2/ide/electron-app/win64/resources/app/lib/vendors-node_modules_theia_plugin-ext_lib_hosted_browser_hosted-plugin_js.js:7179:71\n    at pushContribution (file:///E:/Vivado/Vitis/2023.2/ide/electron-app/win64/resources/app/lib/vendors-node_modules_theia_plugin-ext_lib_hosted_browser_hosted-plugin_js.js:7074:32)\n    at PluginContributionHandler.handleContributions (file:///E:/Vivado/Vitis/2023.2/ide/electron-app/win64/resources/app/lib/vendors-node_modules_theia_plugin-ext_lib_hosted_browser_hosted-plugin_js.js:7179:9)\n    at HostedPluginSupport.loadContributions (file:///E:/Vivado/Vitis/2023.2/ide/electron-app/win64/resources/app/lib/vendors-node_modules_theia_plugin-ext_lib_hosted_browser_hosted-plugin_js.js:446:61)\n    at HostedPluginSupport.doLoad (file:///E:/Vivado/Vitis/2023.2/ide/electron-app/win64/resources/app/lib/vendors-node_modules_theia_plugin-ext_lib_hosted_browser_hosted-plugin_js.js:358:42)\n    at async RigelProgressService.withProgress (file:///E:/Vivado/Vitis/2023.2/ide/electron-app/win64/resources/app/lib/bundle.js:63423:20)\n    at async file:///E:/Vivado/Vitis/2023.2/ide/electron-app/win64/resources/app/lib/vendors-node_modules_theia_plugin-ext_lib_hosted_browser_hosted-plugin_js.js:263:17"}
2025-02-24 10:09:11 [debug] : Failed to register a menu item for plugin vscode.git contributed to scm/change/title {"0":{"command":"git.revertChange","when":"config.git.enabled && !git.missing && originalResourceScheme == git"},"1":"Error: Could not find submenu with id scm/change/title\n    at MenuModelRegistry.getMenuNode (file:///E:/Vivado/Vitis/2023.2/ide/electron-app/win64/resources/app/lib/bundle.js:60375:23)\n    at MenusContributionPointHandler.handle (file:///E:/Vivado/Vitis/2023.2/ide/electron-app/win64/resources/app/lib/vendors-node_modules_theia_plugin-ext_lib_hosted_browser_hosted-plugin_js.js:6466:62)\n    at file:///E:/Vivado/Vitis/2023.2/ide/electron-app/win64/resources/app/lib/vendors-node_modules_theia_plugin-ext_lib_hosted_browser_hosted-plugin_js.js:7179:71\n    at pushContribution (file:///E:/Vivado/Vitis/2023.2/ide/electron-app/win64/resources/app/lib/vendors-node_modules_theia_plugin-ext_lib_hosted_browser_hosted-plugin_js.js:7074:32)\n    at PluginContributionHandler.handleContributions (file:///E:/Vivado/Vitis/2023.2/ide/electron-app/win64/resources/app/lib/vendors-node_modules_theia_plugin-ext_lib_hosted_browser_hosted-plugin_js.js:7179:9)\n    at HostedPluginSupport.loadContributions (file:///E:/Vivado/Vitis/2023.2/ide/electron-app/win64/resources/app/lib/vendors-node_modules_theia_plugin-ext_lib_hosted_browser_hosted-plugin_js.js:446:61)\n    at HostedPluginSupport.doLoad (file:///E:/Vivado/Vitis/2023.2/ide/electron-app/win64/resources/app/lib/vendors-node_modules_theia_plugin-ext_lib_hosted_browser_hosted-plugin_js.js:358:42)\n    at async RigelProgressService.withProgress (file:///E:/Vivado/Vitis/2023.2/ide/electron-app/win64/resources/app/lib/bundle.js:63423:20)\n    at async file:///E:/Vivado/Vitis/2023.2/ide/electron-app/win64/resources/app/lib/vendors-node_modules_theia_plugin-ext_lib_hosted_browser_hosted-plugin_js.js:263:17"}
2025-02-24 10:09:11 [debug] : [91e9b6d4-bd11-4f97-bca7-dfc08bb613d4][vscode.git]: Loaded contributions. 
2025-02-24 10:09:11 [debug] : [91e9b6d4-bd11-4f97-bca7-dfc08bb613d4][vscode.make]: Loaded contributions. 
2025-02-24 10:09:11 [debug] : [91e9b6d4-bd11-4f97-bca7-dfc08bb613d4] Load contributions of 16 plugins: 171.9 ms [Finished 3.981 s after frontend start] 
2025-02-24 10:09:11 [debug] : Theia configuration directory file:///c:/Users/Sternenstaub/.Xilinx/Vitis/2023.2/.vitisng' 
2025-02-24 10:09:11 [debug] : Theia configuration directory file:///c:/Users/Sternenstaub/.Xilinx/Vitis/2023.2/.vitisng' 
2025-02-24 10:09:11 [debug] : Theia configuration directory file:///c:/Users/Sternenstaub/.Xilinx/Vitis/2023.2/.vitisng' 
2025-02-24 10:09:11 [debug] : Theia configuration directory file:///c:/Users/Sternenstaub/.Xilinx/Vitis/2023.2/.vitisng' 
2025-02-24 10:09:11 [debug] : MonacoEditorModel.fireDidChangeContent - enter - {
  "changes": [
    {
      "range": {
        "startLineNumber": 1,
        "startColumn": 1,
        "endLineNumber": 1,
        "endColumn": 1
      },
      "rangeLength": 0,
      "text": "{\r\n    \"clangd.fallbackFlags\": []\r\n}",
      "rangeOffset": 0,
      "forceMoveMarkers": false
    }
  ],
  "eol": "\r\n",
  "versionId": 2,
  "isUndoing": false,
  "isRedoing": false,
  "isFlush": false
} {"0":"file:///e:/HLS/MINIST_DTJSCC/MINIST_DTJSCC/.theia/settings.json"}
2025-02-24 10:09:11 [debug] : MonacoEditorModel.markAsDirty - enter {"0":"file:///e:/HLS/MINIST_DTJSCC/MINIST_DTJSCC/.theia/settings.json"}
2025-02-24 10:09:11 [debug] : MonacoEditorModel.cancelSync {"0":"file:///e:/HLS/MINIST_DTJSCC/MINIST_DTJSCC/.theia/settings.json"}
2025-02-24 10:09:11 [debug] : MonacoEditorModel.cancelSave {"0":"file:///e:/HLS/MINIST_DTJSCC/MINIST_DTJSCC/.theia/settings.json"}
2025-02-24 10:09:11 [debug] : MonacoEditorModel.markAsDirty - exit {"0":"file:///e:/HLS/MINIST_DTJSCC/MINIST_DTJSCC/.theia/settings.json"}
2025-02-24 10:09:11 [debug] : MonacoEditorModel.fireDidChangeContent - exit {"0":"file:///e:/HLS/MINIST_DTJSCC/MINIST_DTJSCC/.theia/settings.json"}
2025-02-24 10:09:11 [debug] : MonacoEditorModel.cancelSave {"0":"file:///e:/HLS/MINIST_DTJSCC/MINIST_DTJSCC/.theia/settings.json"}
2025-02-24 10:09:11 [debug] : MonacoEditorModel.fireDidChangeContent - enter - {
  "changes": [
    {
      "range": {
        "startLineNumber": 2,
        "startColumn": 29,
        "endLineNumber": 2,
        "endColumn": 31
      },
      "rangeLength": 2,
      "text": "[]",
      "rangeOffset": 31,
      "forceMoveMarkers": false
    }
  ],
  "eol": "\r\n",
  "versionId": 3,
  "isUndoing": false,
  "isRedoing": false,
  "isFlush": false
} {"0":"file:///e:/HLS/MINIST_DTJSCC/MINIST_DTJSCC/.theia/settings.json"}
2025-02-24 10:09:11 [debug] : MonacoEditorModel.markAsDirty - enter {"0":"file:///e:/HLS/MINIST_DTJSCC/MINIST_DTJSCC/.theia/settings.json"}
2025-02-24 10:09:11 [debug] : MonacoEditorModel.cancelSync {"0":"file:///e:/HLS/MINIST_DTJSCC/MINIST_DTJSCC/.theia/settings.json"}
2025-02-24 10:09:11 [debug] : MonacoEditorModel.cancelSave {"0":"file:///e:/HLS/MINIST_DTJSCC/MINIST_DTJSCC/.theia/settings.json"}
2025-02-24 10:09:11 [debug] : MonacoEditorModel.markAsDirty - exit {"0":"file:///e:/HLS/MINIST_DTJSCC/MINIST_DTJSCC/.theia/settings.json"}
2025-02-24 10:09:11 [debug] : MonacoEditorModel.fireDidChangeContent - exit {"0":"file:///e:/HLS/MINIST_DTJSCC/MINIST_DTJSCC/.theia/settings.json"}
2025-02-24 10:09:11 [debug] : MonacoEditorModel.cancelSave {"0":"file:///e:/HLS/MINIST_DTJSCC/MINIST_DTJSCC/.theia/settings.json"}
2025-02-24 10:09:11 [debug] : MonacoEditorModel.cancelSave {"0":"file:///e:/HLS/MINIST_DTJSCC/MINIST_DTJSCC/.theia/settings.json"}
2025-02-24 10:09:11 [debug] : 'cpp' language is remapped from 'source.cpp.embedded.macro' to 'source.cpp' scope 
2025-02-24 10:09:11 [debug] : a registered grammar configuration for 'cpp' language is overridden 
2025-02-24 10:09:11 [debug] : MonacoEditorModel.cancelSync {"0":"user-storage:/user/settings.json"}
2025-02-24 10:09:11 [debug] : MonacoEditorModel.cancelSync {"0":"user-storage:/user/settings.json"}
2025-02-24 10:09:11 [debug] : MonacoEditorModel.cancelSave {"0":"user-storage:/user/settings.json"}
2025-02-24 10:09:11 [debug] : MonacoEditorModel.doSync - enter {"0":"user-storage:/user/settings.json"}
2025-02-24 10:09:11 [debug] : MonacoEditorModel.doSync - exit - cancelled {"0":"user-storage:/user/settings.json"}
2025-02-24 10:09:11 [debug] : Opening channel for service path '/services/keytar'. 
2025-02-24 10:09:11 [debug] : Theia configuration directory file:///c:/Users/Sternenstaub/.Xilinx/Vitis/2023.2/.vitisng' 
2025-02-24 10:09:11 [debug] : getTasks(): about to return task information for 0 tasks 
2025-02-24 10:09:11 [debug] : Theia configuration directory file:///c:/Users/Sternenstaub/.Xilinx/Vitis/2023.2/.vitisng' 
2025-02-24 10:09:11 [debug] : Theia configuration directory file:///c:/Users/Sternenstaub/.Xilinx/Vitis/2023.2/.vitisng' 
2025-02-24 10:09:11 [debug] : Theia configuration directory file:///c:/Users/Sternenstaub/.Xilinx/Vitis/2023.2/.vitisng' 
2025-02-24 10:09:12 [debug] : MonacoEditorModel.fireDidChangeContent - enter - {
  "changes": [
    {
      "range": {
        "startLineNumber": 3,
        "startColumn": 29,
        "endLineNumber": 3,
        "endColumn": 37
      },
      "rangeLength": 8,
      "text": "\"custom\"",
      "rangeOffset": 85,
      "forceMoveMarkers": false
    }
  ],
  "eol": "\r\n",
  "versionId": 2,
  "isUndoing": false,
  "isRedoing": false,
  "isFlush": false
} {"0":"user-storage:/user/settings.json"}
2025-02-24 10:09:12 [debug] : MonacoEditorModel.markAsDirty - enter {"0":"user-storage:/user/settings.json"}
2025-02-24 10:09:12 [debug] : MonacoEditorModel.cancelSync {"0":"user-storage:/user/settings.json"}
2025-02-24 10:09:12 [debug] : MonacoEditorModel.cancelSave {"0":"user-storage:/user/settings.json"}
2025-02-24 10:09:12 [debug] : MonacoEditorModel.markAsDirty - exit {"0":"user-storage:/user/settings.json"}
2025-02-24 10:09:12 [debug] : MonacoEditorModel.fireDidChangeContent - exit {"0":"user-storage:/user/settings.json"}
2025-02-24 10:09:12 [debug] : MonacoEditorModel.cancelSave {"0":"user-storage:/user/settings.json"}
2025-02-24 10:09:12 [debug] : MonacoEditorModel.cancelSave {"0":"user-storage:/user/settings.json"}
2025-02-24 10:09:12 [debug] : [hosted-plugin: 21904] PLUGIN_HOST(21904): PluginManagerExtImpl/init() 
2025-02-24 10:09:12 [debug] : [hosted-plugin: 21904] PLUGIN_HOST(21904): initializing(gitlens@11.7.0 with E:\Vivado\Vitis\2023.2\ide\electron-app\win64\resources\app\node_modules\@theia\plugin-ext-vscode\lib\node\plugin-vscode-init) 
2025-02-24 10:09:12 [debug] : MonacoEditorModel.cancelSync {"0":"file:///e:/HLS/MINIST_DTJSCC/MINIST_DTJSCC/.theia/settings.json"}
2025-02-24 10:09:12 [debug] : MonacoEditorModel.cancelSave {"0":"file:///e:/HLS/MINIST_DTJSCC/MINIST_DTJSCC/.theia/settings.json"}
2025-02-24 10:09:12 [debug] : [hosted-plugin: 21904] PLUGIN_HOST(21904): initializing(rigel-config-vscode@0.0.0 with E:\Vivado\Vitis\2023.2\ide\electron-app\win64\resources\app\node_modules\@theia\plugin-ext-vscode\lib\node\plugin-vscode-init) 
2025-02-24 10:09:12 [debug] : [hosted-plugin: 21904] PLUGIN_HOST(21904): initializing(rigel-hls-l1-library-vscode@0.0.0 with E:\Vivado\Vitis\2023.2\ide\electron-app\win64\resources\app\node_modules\@theia\plugin-ext-vscode\lib\node\plugin-vscode-init) 
2025-02-24 10:09:12 [debug] : [hosted-plugin: 21904] PLUGIN_HOST(21904): initializing(rigel-hls-pragma@0.0.0 with E:\Vivado\Vitis\2023.2\ide\electron-app\win64\resources\app\node_modules\@theia\plugin-ext-vscode\lib\node\plugin-vscode-init) 
2025-02-24 10:09:12 [debug] : [hosted-plugin: 21904] PLUGIN_HOST(21904): initializing(tcf-debug@0.0.1 with E:\Vivado\Vitis\2023.2\ide\electron-app\win64\resources\app\node_modules\@theia\plugin-ext-vscode\lib\node\plugin-vscode-init) 
2025-02-24 10:09:12 [debug] : [hosted-plugin: 21904] Debugger contribution has been registered: tcf-debug 
2025-02-24 10:09:12 [debug] : [hosted-plugin: 21904] PLUGIN_HOST(21904): initializing(cmake@0.0.17 with E:\Vivado\Vitis\2023.2\ide\electron-app\win64\resources\app\node_modules\@theia\plugin-ext-vscode\lib\node\plugin-vscode-init)
PLUGIN_HOST(21904): initializing(cpp@1.52.1 with E:\Vivado\Vitis\2023.2\ide\electron-app\win64\resources\app\node_modules\@theia\plugin-ext-vscode\lib\node\plugin-vscode-init)
PLUGIN_HOST(21904): initializing(github@1.62.3 with E:\Vivado\Vitis\2023.2\ide\electron-app\win64\resources\app\node_modules\@theia\plugin-ext-vscode\lib\node\plugin-vscode-init)
PLUGIN_HOST(21904): initializing(github-authentication@1.62.3 with E:\Vivado\Vitis\2023.2\ide\electron-app\win64\resources\app\node_modules\@theia\plugin-ext-vscode\lib\node\plugin-vscode-init) 
2025-02-24 10:09:12 [debug] : [hosted-plugin: 21904] PLUGIN_HOST(21904): initializing(json@1.52.1 with E:\Vivado\Vitis\2023.2\ide\electron-app\win64\resources\app\node_modules\@theia\plugin-ext-vscode\lib\node\plugin-vscode-init) 
2025-02-24 10:09:12 [debug] : [hosted-plugin: 21904] PLUGIN_HOST(21904): initializing(json-language-features@1.52.1 with E:\Vivado\Vitis\2023.2\ide\electron-app\win64\resources\app\node_modules\@theia\plugin-ext-vscode\lib\node\plugin-vscode-init) 
2025-02-24 10:09:12 [debug] : [hosted-plugin: 21904] PLUGIN_HOST(21904): initializing(vscode-clangd@0.1.15 with E:\Vivado\Vitis\2023.2\ide\electron-app\win64\resources\app\node_modules\@theia\plugin-ext-vscode\lib\node\plugin-vscode-init) 
2025-02-24 10:09:12 [debug] : MonacoEditorModel.cancelSync {"0":"user-storage:/user/settings.json"}
2025-02-24 10:09:12 [debug] : [hosted-plugin: 21904] PLUGIN_HOST(21904): initializing(material-icon-theme@4.11.0 with E:\Vivado\Vitis\2023.2\ide\electron-app\win64\resources\app\node_modules\@theia\plugin-ext-vscode\lib\node\plugin-vscode-init) 
2025-02-24 10:09:12 [debug] : MonacoEditorModel.cancelSave {"0":"user-storage:/user/settings.json"}
2025-02-24 10:09:12 [debug] : [hosted-plugin: 21904] PLUGIN_HOST(21904): initializing(debug@0.26.1 with E:\Vivado\Vitis\2023.2\ide\electron-app\win64\resources\app\node_modules\@theia\plugin-ext-vscode\lib\node\plugin-vscode-init)
Debugger contribution has been registered: gdb
Debugger contribution has been registered: lldb-mi
Debugger contribution has been registered: mago-mi 
2025-02-24 10:09:12 [debug] : [hosted-plugin: 21904] PLUGIN_HOST(21904): initializing(git@1.62.3 with E:\Vivado\Vitis\2023.2\ide\electron-app\win64\resources\app\node_modules\@theia\plugin-ext-vscode\lib\node\plugin-vscode-init) 
2025-02-24 10:09:12 [debug] : [hosted-plugin: 21904] PLUGIN_HOST(21904): initializing(make@1.79.0 with E:\Vivado\Vitis\2023.2\ide\electron-app\win64\resources\app\node_modules\@theia\plugin-ext-vscode\lib\node\plugin-vscode-init) 
2025-02-24 10:09:12 [debug] : [hosted-plugin: 21904] Unsupported activation events: oncommand:gitlens.copyCurrentBranch, please open an issue: https://github.com/eclipse-theia/theia/issues/new 
2025-02-24 10:09:12 [debug] : [hosted-plugin: 21904] PLUGIN_HOST(21904): PluginManagerExtImpl/loadPlugin(E:\Vivado\Vitis\2023.2\ide\electron-app\win64\resources\app\plugins\vscode.git\extension\dist\main) 
2025-02-24 10:09:12 [debug] : RIGEL SERVER 10:09:12 INFO  : Successfully created repository data at C:\Users\STERNE~1\AppData\Local\Temp\rigel_lopper_Sternenstaub16684242482560072126 
2025-02-24 10:09:12 [debug] : RIGEL SERVER 10:09:12 INFO  : cmd.exe, /C, E:\Vivado\Vitis\2023.2\tps\win64\lopper-1.1.0\env\Scripts\activate.bat && python E:\Vivado\Vitis\2023.2\data\embeddedsw\scripts\pyesw\\get_template_data.py -d C:\Users\STERNE~1\AppData\Local\Temp\rigel_lopper_Sternenstaub11245342914297199650 -r C:\Users\STERNE~1\AppData\Local\Temp\rigel_lopper_Sternenstaub16684242482560072126\.repo.yaml && E:\Vivado\Vitis\2023.2\tps\win64\lopper-1.1.0\env\Scripts\deactivate.bat 
2025-02-24 10:09:12 [debug] : Frontend application start: 1727.6 ms [Finished 24.614 s after backend start] 
2025-02-24 10:09:12 [debug] : Replace loading indicator with ready workbench UI (animation): 809.3 ms [Finished 4.466 s after frontend start] 
2025-02-24 10:09:12 [debug] : Changed application state from 'initialized_layout' to 'ready'. 
2025-02-24 10:09:12 [debug] : [hosted-plugin: 21904] PLUGIN_HOST(21904): PluginManagerExtImpl/loadPlugin(E:\Vivado\Vitis\2023.2\ide\electron-app\win64\resources\app\plugins\vscode-builtin-github\extension\dist\extension.js) 
2025-02-24 10:09:12 [debug] : [hosted-plugin: 21904] PLUGIN_HOST(21904): PluginManagerExtImpl/loadPlugin(E:\Vivado\Vitis\2023.2\ide\electron-app\win64\resources\app\plugins\vscode-builtin-json-language-features\extension\client\dist\node\jsonClientMain) 
2025-02-24 10:09:13 [debug] : [91e9b6d4-bd11-4f97-bca7-dfc08bb613d4][eamodio.gitlens]: Started plugin. 
2025-02-24 10:09:13 [debug] : [91e9b6d4-bd11-4f97-bca7-dfc08bb613d4][xilinx.rigel-config-vscode]: Started plugin. 
2025-02-24 10:09:13 [debug] : [91e9b6d4-bd11-4f97-bca7-dfc08bb613d4][xilinx.rigel-hls-l1-library-vscode]: Started plugin. 
2025-02-24 10:09:13 [debug] : [91e9b6d4-bd11-4f97-bca7-dfc08bb613d4][xilinx.rigel-hls-pragma]: Started plugin. 
2025-02-24 10:09:13 [debug] : [91e9b6d4-bd11-4f97-bca7-dfc08bb613d4][xilinx.tcf-debug]: Started plugin. 
2025-02-24 10:09:13 [debug] : [91e9b6d4-bd11-4f97-bca7-dfc08bb613d4][twxs.cmake]: Started plugin. 
2025-02-24 10:09:13 [debug] : [91e9b6d4-bd11-4f97-bca7-dfc08bb613d4][vscode.cpp]: Started plugin. 
2025-02-24 10:09:13 [debug] : [91e9b6d4-bd11-4f97-bca7-dfc08bb613d4][vscode.github]: Started plugin. 
2025-02-24 10:09:13 [debug] : [91e9b6d4-bd11-4f97-bca7-dfc08bb613d4][vscode.github-authentication]: Started plugin. 
2025-02-24 10:09:13 [debug] : [91e9b6d4-bd11-4f97-bca7-dfc08bb613d4][vscode.json]: Started plugin. 
2025-02-24 10:09:13 [debug] : [91e9b6d4-bd11-4f97-bca7-dfc08bb613d4][vscode.json-language-features]: Started plugin. 
2025-02-24 10:09:13 [debug] : [91e9b6d4-bd11-4f97-bca7-dfc08bb613d4][llvm-vs-code-extensions.vscode-clangd]: Started plugin. 
2025-02-24 10:09:13 [debug] : [91e9b6d4-bd11-4f97-bca7-dfc08bb613d4][pkief.material-icon-theme]: Started plugin. 
2025-02-24 10:09:13 [debug] : [91e9b6d4-bd11-4f97-bca7-dfc08bb613d4][webfreak.debug]: Started plugin. 
2025-02-24 10:09:13 [debug] : [91e9b6d4-bd11-4f97-bca7-dfc08bb613d4][vscode.git]: Started plugin. 
2025-02-24 10:09:13 [debug] : [91e9b6d4-bd11-4f97-bca7-dfc08bb613d4][vscode.make]: Started plugin. 
2025-02-24 10:09:13 [debug] : [hosted-plugin: 21904] ApplicationInsights:CorrelationIdManager [
  Error: Failed to establish a socket connection to proxies: ["https://dc.services.visualstudio.com/api/profiles/AIF-d9b70cd4-b9f9-4d70-929b-a071c400b217/appId"]
      at _PacProxyAgent.<anonymous> (E:\Vivado\Vitis\2023.2\ide\electron-app\win64\resources\app\node_modules\vscode-proxy-agent\out\agent.js:141:19)
      at Generator.next (<anonymous>)
      at fulfilled (E:\Vivado\Vitis\2023.2\ide\electron-app\win64\resources\app\node_modules\vscode-proxy-agent\out\agent.js:5:58)
] 
2025-02-24 10:09:13 [debug] : RIGEL SERVER 10:09:13 INFO  : Embedded Template List generated successfully
10:09:13 INFO  : cmd.exe, /C, E:\Vivado\Vitis\2023.2\tps\win64\lopper-1.1.0\env\Scripts\activate.bat && python E:\Vivado\Vitis\2023.2\data\embeddedsw\scripts\pyesw\\repo.py -st   E:\Vivado\Vitis\2023.2\data\embeddedsw && E:\Vivado\Vitis\2023.2\tps\win64\lopper-1.1.0\env\Scripts\deactivate.bat 
2025-02-24 10:09:13 [debug] : [Application Examples Provider] Templates model update completed. 
2025-02-24 10:09:13 [debug] : [Application Examples Provider] common calling method completed. 
2025-02-24 10:09:13 [debug] : [Application Examples Provider] refresh completed. 
2025-02-24 10:09:13 [debug] : [hosted-plugin: 21904] PLUGIN_HOST(21904): PluginManagerExtImpl/loadPlugin(E:\Vivado\Vitis\2023.2\ide\electron-app\win64\resources\app\plugins\vscode-material-icon-theme\extension\dist\extension) 
2025-02-24 10:09:13 [debug] : [hosted-plugin: 21904] PLUGIN_HOST(21904): PluginManagerExtImpl/loadPlugin(E:\Vivado\Vitis\2023.2\ide\electron-app\win64\resources\app\plugins\eamodio-gitlens\extension\dist\gitlens) 
2025-02-24 10:09:14 [debug] : command 'gitlens.clearFileAnnotations' already registered 
2025-02-24 10:09:14 [debug] : command 'gitlens.computingFileAnnotations' already registered 
2025-02-24 10:09:14 [debug] : [91e9b6d4-bd11-4f97-bca7-dfc08bb613d4] Start of 16 plugins: 2969.7 ms [Finished 6.983 s after frontend start] 
2025-02-24 10:09:15 [debug] : RIGEL SERVER 10:09:15 INFO  : Successfully created repository data at E:\HLS\MINIST_DTJSCC\MINIST_DTJSCC 
2025-02-24 10:09:15 [debug] : RIGEL SERVER 10:09:15 INFO  : cmd.exe, /C, E:\Vivado\Vitis\2023.2\tps\win64\lopper-1.1.0\env\Scripts\activate.bat && python E:\Vivado\Vitis\2023.2\data\embeddedsw\scripts\pyesw\\get_template_data.py -d C:\Users\STERNE~1\AppData\Local\Temp\rigel_lopper_Sternenstaub12822107335145321465 -r E:\HLS\MINIST_DTJSCC\MINIST_DTJSCC\.repo.yaml && E:\Vivado\Vitis\2023.2\tps\win64\lopper-1.1.0\env\Scripts\deactivate.bat 
2025-02-24 10:09:16 [debug] : RIGEL SERVER 10:09:16 INFO  : Embedded Template List generated successfully 
2025-02-24 10:09:16 [debug] : RIGEL SERVER 10:09:16 INFO  : cmd.exe, /C, E:\Vivado\Vitis\2023.2\tps\win64\lopper-1.1.0\env\Scripts\activate.bat && python E:\Vivado\Vitis\2023.2\data\embeddedsw\scripts\pyesw\\get_template_data.py -d C:\Users\STERNE~1\AppData\Local\Temp\rigel_lopper_Sternenstaub18401991201742461211 -r E:\HLS\MINIST_DTJSCC\MINIST_DTJSCC\.repo.yaml && E:\Vivado\Vitis\2023.2\tps\win64\lopper-1.1.0\env\Scripts\deactivate.bat 
2025-02-24 10:09:16 [debug] : [Application Examples Provider] Templates model update completed. 
2025-02-24 10:09:16 [debug] : [Application Examples Provider] common calling method completed. 
2025-02-24 10:09:16 [debug] : [Application Examples Provider] refresh completed. 
2025-02-24 10:09:17 [debug] : RIGEL SERVER 10:09:17 INFO  : Embedded Template List generated successfully 
2025-02-24 10:09:17 [debug] : [Application Examples Provider] Templates model update completed. 
2025-02-24 10:09:17 [debug] : [Application Examples Provider] common calling method completed. 
2025-02-24 10:09:17 [debug] : [Application Examples Provider] refresh completed. 
2025-02-24 10:09:34 [debug] : Request request failed with error: connect ETIMEDOUT 185.199.110.133:443 {"0":"Error: connect ETIMEDOUT 185.199.110.133:443\n    at TCPConnectWrap.afterConnect [as oncomplete] (node:net:1142:16)"}
2025-02-24 10:09:35 [debug] : Error: connect ETIMEDOUT 185.199.110.133:443
    at currentExtensions.<computed> (file:///E:/Vivado/Vitis/2023.2/ide/electron-app/win64/resources/app/lib/bundle.js:152420:39)
    at read (file:///E:/Vivado/Vitis/2023.2/ide/electron-app/win64/resources/app/lib/bundle.js:151888:15)
    at Array.readObject [as read] (file:///E:/Vivado/Vitis/2023.2/ide/electron-app/win64/resources/app/lib/bundle.js:151978:18)
    at recordDefinition (file:///E:/Vivado/Vitis/2023.2/ide/electron-app/win64/resources/app/lib/bundle.js:152413:19)
    at read (file:///E:/Vivado/Vitis/2023.2/ide/electron-app/win64/resources/app/lib/bundle.js:151877:13)
    at checkedRead (file:///E:/Vivado/Vitis/2023.2/ide/electron-app/win64/resources/app/lib/bundle.js:151683:16)
    at Packr.unpack (file:///E:/Vivado/Vitis/2023.2/ide/electron-app/win64/resources/app/lib/bundle.js:151605:12)
    at Packr.decode (file:///E:/Vivado/Vitis/2023.2/ide/electron-app/win64/resources/app/lib/bundle.js:151673:15)
    at MsgPackMessageDecoder.decode (file:///E:/Vivado/Vitis/2023.2/ide/electron-app/win64/resources/app/lib/bundle.js:61004:29)
    at MsgPackMessageDecoder.parse (file:///E:/Vivado/Vitis/2023.2/ide/electron-app/win64/resources/app/lib/bundle.js:61007:21)
    at file:///E:/Vivado/Vitis/2023.2/ide/electron-app/win64/resources/app/lib/bundle.js:61067:93
    at file:///E:/Vivado/Vitis/2023.2/ide/electron-app/win64/resources/app/lib/bundle.js:58296:69
    at CallbackList.invoke (file:///E:/Vivado/Vitis/2023.2/ide/electron-app/win64/resources/app/lib/bundle.js:58302:26)
    at Emitter.fire (file:///E:/Vivado/Vitis/2023.2/ide/electron-app/win64/resources/app/lib/bundle.js:58417:29)
    at RigelChannelMultiplexer.handleData (file:///E:/Vivado/Vitis/2023.2/ide/electron-app/win64/resources/app/lib/node_modules_react-perfect-scrollbar_lib_index_js-core_lib_browser_core-frontend-module_js-co-e00a2c.js:1074:38)
    at RigelChannelMultiplexer.handleMessage (file:///E:/Vivado/Vitis/2023.2/ide/electron-app/win64/resources/app/lib/bundle.js:60788:29)
    at file:///E:/Vivado/Vitis/2023.2/ide/electron-app/win64/resources/app/lib/bundle.js:60748:61
    at file:///E:/Vivado/Vitis/2023.2/ide/electron-app/win64/resources/app/lib/bundle.js:58296:69
    at CallbackList.invoke (file:///E:/Vivado/Vitis/2023.2/ide/electron-app/win64/resources/app/lib/bundle.js:58302:26)
    at Emitter.fire (file:///E:/Vivado/Vitis/2023.2/ide/electron-app/win64/resources/app/lib/bundle.js:58417:29)
    at file:///E:/Vivado/Vitis/2023.2/ide/electron-app/win64/resources/app/lib/bundle.js:62185:56
    at Socket.<anonymous> (file:///E:/Vivado/Vitis/2023.2/ide/electron-app/win64/resources/app/lib/bundle.js:37634:59)
    at Socket.Emitter.emit (file:///E:/Vivado/Vitis/2023.2/ide/electron-app/win64/resources/app/lib/bundle.js:157729:20)
    at Socket.emitEvent (file:///E:/Vivado/Vitis/2023.2/ide/electron-app/win64/resources/app/lib/bundle.js:156682:20)
    at Socket.onevent (file:///E:/Vivado/Vitis/2023.2/ide/electron-app/win64/resources/app/lib/bundle.js:156669:18)
    at Socket.onpacket (file:///E:/Vivado/Vitis/2023.2/ide/electron-app/win64/resources/app/lib/bundle.js:156637:22)
    at Manager.Emitter.emit (file:///E:/Vivado/Vitis/2023.2/ide/electron-app/win64/resources/app/lib/bundle.js:157729:20)
    at file:///E:/Vivado/Vitis/2023.2/ide/electron-app/win64/resources/app/lib/bundle.js:156102:18 
2025-02-24 10:10:00 [debug] : Shutting down because of Close request. 
2025-02-24 10:10:00 [debug] : Closing channel on service path '/services/commands'. 
2025-02-24 10:10:00 [debug] : Closing channel on service path '/services/keyboard'. 
2025-02-24 10:10:00 [debug] : Closing channel on service path '/services/logger'. 
2025-02-24 10:10:00 [debug] : Closing channel on service path '/services/messageService'. 
2025-02-24 10:10:00 [debug] : Closing channel on service path '/services/startup-workspace'. 
2025-02-24 10:10:00 [debug] : Closing channel on service path '/services/remote-filesystem'. 
2025-02-24 10:10:00 [debug] : Closing channel on service path '/services/envs'. 
2025-02-24 10:10:00 [debug] : Closing channel on service path '/services/workspace'. 
2025-02-24 10:10:00 [debug] : Closing channel on service path '/services/stopwatch'. 
2025-02-24 10:10:00 [debug] : Closing channel on service path '/services/application'. 
2025-02-24 10:10:00 [debug] : Closing channel on service path '/services/i18n'. 
2025-02-24 10:10:00 [debug] : Closing channel on service path '/services/hostedPlugin'. 
2025-02-24 10:10:00 [debug] : Closing channel on service path '/services/project'. 
2025-02-24 10:10:00 [debug] : Closing channel on service path '/services/rigel-workspace'. 
2025-02-24 10:10:00 [debug] : Closing channel on service path '/services/component'. 
2025-02-24 10:10:00 [debug] : Closing channel on service path '/services/debugger'. 
2025-02-24 10:10:00 [debug] : Closing channel on service path '/services/debug'. 
2025-02-24 10:10:00 [debug] : Closing channel on service path '/services/shell-terminal'. 
2025-02-24 10:10:00 [debug] : Closing channel on service path '/services/task'. 
2025-02-24 10:10:00 [debug] : a client has disconnected - removed from list: 
2025-02-24 10:10:00 [debug] : Closing channel on service path '/services/quickPick'. 
2025-02-24 10:10:00 [debug] : Closing channel on service path '/services/plugin-ext'. 
2025-02-24 10:10:00 [debug] : Closing channel on service path '/services/plugin-paths'. 
2025-02-24 10:10:00 [debug] : Closing channel on service path '/services/search'. 
2025-02-24 10:10:00 [debug] : Closing channel on service path '/services/server'. 
2025-02-24 10:10:00 [debug] : Closing channel on service path '/services/repository'. 
2025-02-24 10:10:00 [debug] : [Repository Server] Disposing objects in backend. 
2025-02-24 10:10:00 [debug] : Closing channel on service path '/services/rigel-utils'. 
2025-02-24 10:10:00 [debug] : [Rigel Utils Server] Disposing objects in backend. 
2025-02-24 10:10:00 [debug] : Closing channel on service path '/services/program_flash'. 
2025-02-24 10:10:00 [debug] : [Program Flash Server] Disposing objects in backend. 
2025-02-24 10:10:00 [debug] : Closing channel on service path '/services/build'. 
2025-02-24 10:10:00 [debug] : [Build Server] Disposing objects in backend. 
2025-02-24 10:10:00 [debug] : Closing channel on service path 'services/rigel-backend-helper'. 
2025-02-24 10:10:00 [debug] : Closing channel on service path '/services/analysis'. 
2025-02-24 10:10:00 [debug] : Closing channel on service path '/services/notification'. 
2025-02-24 10:10:00 [debug] : Closing channel on service path '/services/recent-summaries'. 
2025-02-24 10:10:00 [debug] : Closing channel on service path '/services/platform'. 
2025-02-24 10:10:00 [debug] : Closing channel on service path '/services/hls/l1library/service'. 
2025-02-24 10:10:00 [debug] : Closing channel on service path '/services/elf-reader'. 
2025-02-24 10:10:00 [debug] : [Elf Reader Server] Disposing objects in backend. 
2025-02-24 10:10:00 [debug] : Closing channel on service path '/services/aie'. 
2025-02-24 10:10:00 [debug] : [AIE Server] Disposing objects in backend. 
2025-02-24 10:10:00 [debug] : Closing channel on service path '/services/rigel_explorer'. 
2025-02-24 10:10:00 [debug] : Closing channel on service path '/services/linker-script'. 
2025-02-24 10:10:00 [debug] : Closing channel on service path '/services/rigel-logger'. 
2025-02-24 10:10:00 [debug] : [Logger Server] Disposing objects in backend. 
2025-02-24 10:10:00 [debug] : Closing channel on service path '/services/vitis-hls'. 
2025-02-24 10:10:00 [debug] : Closing channel on service path '/services/device'. 
2025-02-24 10:10:00 [debug] : Closing channel on service path '/services/vcxx'. 
2025-02-24 10:10:00 [debug] : [Rigel Vcxx Server] Disposing objects in backend. 
2025-02-24 10:10:00 [debug] : Closing channel on service path '/services/hls/common/data/info'. 
2025-02-24 10:10:00 [debug] : Closing channel on service path '/services/flow_navigator'. 
2025-02-24 10:10:00 [debug] : Closing channel on service path '/services/hls/common/file/service'. 
2025-02-24 10:10:00 [debug] : Closing channel on service path '/services/hls/dataflow/info'. 
2025-02-24 10:10:00 [debug] : Closing channel on service path '/services/hls_flow'. 
2025-02-24 10:10:00 [debug] : [Hls Flow Server] Disposing objects in backend. 
2025-02-24 10:10:00 [debug] : Closing channel on service path '/services/mini-browser-service'. 
2025-02-24 10:10:00 [debug] : Closing channel on service path '/services/bootgen'. 
2025-02-24 10:10:00 [debug] : Closing channel on service path '/services/hls/report'. 
2025-02-24 10:10:00 [debug] : Closing channel on service path '/services/hls/wave/open'. 
2025-02-24 10:10:00 [debug] : Closing channel on service path '/services/search-in-workspace'. 
2025-02-24 10:10:00 [debug] : Closing channel on service path '/services/request-service'. 
2025-02-24 10:10:00 [debug] : Closing channel on service path '/services/report-model'. 
2025-02-24 10:10:00 [debug] : Closing channel on service path '/services/keytar'. 
